<?xml version="1.0" encoding="UTF-8"?>
<testsuite xmlns:xsi="http://www.w3.org/2001/XMLSchema-instance" xsi:noNamespaceSchemaLocation="https://maven.apache.org/surefire/maven-surefire-plugin/xsd/surefire-test-report.xsd" version="3.0.2" name="test.PracticeFormTest" time="17.409" tests="3" errors="3" skipped="0" failures="0">
  <properties>
[...]
</properties>
  <testcase name="validPracticeFormSubmissionTest" classname="test.PracticeFormTest" time="7.962">
    <error message="Cannot get absolute file path" type="com.microsoft.playwright.PlaywrightException"><![CDATA[com.microsoft.playwright.PlaywrightException: Cannot get absolute file path
	at com.microsoft.playwright.impl.Utils.lambda$addFilePathUploadParams$0(Utils.java:205)
	at java.base/java.util.stream.ReferencePipeline$3$1.accept(ReferencePipeline.java:197)
	at java.base/java.util.Spliterators$ArraySpliterator.forEachRemaining(Spliterators.java:1024)
	at java.base/java.util.stream.AbstractPipeline.copyInto(AbstractPipeline.java:509)
	at java.base/java.util.stream.AbstractPipeline.wrapAndCopyInto(AbstractPipeline.java:499)
	at java.base/java.util.stream.AbstractPipeline.evaluate(AbstractPipeline.java:575)
	at java.base/java.util.stream.AbstractPipeline.evaluateToArrayNode(AbstractPipeline.java:260)
	at java.base/java.util.stream.ReferencePipeline.toArray(ReferencePipeline.java:616)
	at com.microsoft.playwright.impl.Utils.addFilePathUploadParams(Utils.java:207)
	at com.microsoft.playwright.impl.FrameImpl.setInputFilesImpl(FrameImpl.java:768)
	at com.microsoft.playwright.impl.FrameImpl.lambda$setInputFiles$35(FrameImpl.java:760)
	at com.microsoft.playwright.impl.LoggingSupport.lambda$withLogging$0(LoggingSupport.java:36)
	at com.microsoft.playwright.impl.LoggingSupport.withLogging(LoggingSupport.java:47)
	at com.microsoft.playwright.impl.ChannelOwner.withLogging(ChannelOwner.java:89)
	at com.microsoft.playwright.impl.LoggingSupport.withLogging(LoggingSupport.java:35)
	at com.microsoft.playwright.impl.FrameImpl.setInputFiles(FrameImpl.java:760)
	at com.microsoft.playwright.impl.FrameImpl.setInputFiles(FrameImpl.java:746)
	at com.microsoft.playwright.impl.LocatorImpl.setInputFiles(LocatorImpl.java:551)
	at com.microsoft.playwright.Locator.setInputFiles(Locator.java:4914)
	at pages.PracticeForm.uploadPicture(PracticeForm.java:74)
	at test.PracticeFormTest.validPracticeFormSubmissionTest(PracticeFormTest.java:55)
	at java.base/java.lang.reflect.Method.invoke(Method.java:580)
	at java.base/java.util.ArrayList.forEach(ArrayList.java:1596)
	at java.base/java.util.ArrayList.forEach(ArrayList.java:1596)
Caused by: java.nio.file.NoSuchFileException: src/test/resources/testdata/e7f606a4-b60c-4b22-86f8-0e4dc0553c52.jpeg
	at java.base/sun.nio.fs.UnixException.translateToIOException(UnixException.java:92)
	at java.base/sun.nio.fs.UnixException.rethrowAsIOException(UnixException.java:106)
	at java.base/sun.nio.fs.UnixException.rethrowAsIOException(UnixException.java:111)
	at java.base/sun.nio.fs.UnixPath.toRealPath(UnixPath.java:834)
	at com.microsoft.playwright.impl.Utils.lambda$addFilePathUploadParams$0(Utils.java:203)
	... 23 more
]]></error>
    <system-err><![CDATA[ERROR StatusLogger Log4j2 could not find a logging implementation. Please add log4j-core to the classpath. Using SimpleLogger to log to the console...
]]></system-err>
  </testcase>
  <testcase name="invalidNameTest" classname="test.PracticeFormTest" time="4.246">
    <error message="Cannot get absolute file path" type="com.microsoft.playwright.PlaywrightException"><![CDATA[com.microsoft.playwright.PlaywrightException: Cannot get absolute file path
	at com.microsoft.playwright.impl.Utils.lambda$addFilePathUploadParams$0(Utils.java:205)
	at java.base/java.util.stream.ReferencePipeline$3$1.accept(ReferencePipeline.java:197)
	at java.base/java.util.Spliterators$ArraySpliterator.forEachRemaining(Spliterators.java:1024)
	at java.base/java.util.stream.AbstractPipeline.copyInto(AbstractPipeline.java:509)
	at java.base/java.util.stream.AbstractPipeline.wrapAndCopyInto(AbstractPipeline.java:499)
	at java.base/java.util.stream.AbstractPipeline.evaluate(AbstractPipeline.java:575)
	at java.base/java.util.stream.AbstractPipeline.evaluateToArrayNode(AbstractPipeline.java:260)
	at java.base/java.util.stream.ReferencePipeline.toArray(ReferencePipeline.java:616)
	at com.microsoft.playwright.impl.Utils.addFilePathUploadParams(Utils.java:207)
	at com.microsoft.playwright.impl.FrameImpl.setInputFilesImpl(FrameImpl.java:768)
	at com.microsoft.playwright.impl.FrameImpl.lambda$setInputFiles$35(FrameImpl.java:760)
	at com.microsoft.playwright.impl.LoggingSupport.lambda$withLogging$0(LoggingSupport.java:36)
	at com.microsoft.playwright.impl.LoggingSupport.withLogging(LoggingSupport.java:47)
	at com.microsoft.playwright.impl.ChannelOwner.withLogging(ChannelOwner.java:89)
	at com.microsoft.playwright.impl.LoggingSupport.withLogging(LoggingSupport.java:35)
	at com.microsoft.playwright.impl.FrameImpl.setInputFiles(FrameImpl.java:760)
	at com.microsoft.playwright.impl.FrameImpl.setInputFiles(FrameImpl.java:746)
	at com.microsoft.playwright.impl.LocatorImpl.setInputFiles(LocatorImpl.java:551)
	at com.microsoft.playwright.Locator.setInputFiles(Locator.java:4914)
	at pages.PracticeForm.uploadPicture(PracticeForm.java:74)
	at test.PracticeFormTest.invalidNameTest(PracticeFormTest.java:151)
	at java.base/java.lang.reflect.Method.invoke(Method.java:580)
	at java.base/java.util.ArrayList.forEach(ArrayList.java:1596)
	at java.base/java.util.ArrayList.forEach(ArrayList.java:1596)
Caused by: java.nio.file.NoSuchFileException: src/test/resources/testdata/e7f606a4-b60c-4b22-86f8-0e4dc0553c52.jpeg
	at java.base/sun.nio.fs.UnixException.translateToIOException(UnixException.java:92)
	at java.base/sun.nio.fs.UnixException.rethrowAsIOException(UnixException.java:106)
	at java.base/sun.nio.fs.UnixException.rethrowAsIOException(UnixException.java:111)
	at java.base/sun.nio.fs.UnixPath.toRealPath(UnixPath.java:834)
	at com.microsoft.playwright.impl.Utils.lambda$addFilePathUploadParams$0(Utils.java:203)
	... 23 more
]]></error>
  </testcase>
  <testcase name="invalidMobileNumberTest" classname="test.PracticeFormTest" time="5.189">
    <error message="Cannot get absolute file path" type="com.microsoft.playwright.PlaywrightException"><![CDATA[com.microsoft.playwright.PlaywrightException: Cannot get absolute file path
	at com.microsoft.playwright.impl.Utils.lambda$addFilePathUploadParams$0(Utils.java:205)
	at java.base/java.util.stream.ReferencePipeline$3$1.accept(ReferencePipeline.java:197)
	at java.base/java.util.Spliterators$ArraySpliterator.forEachRemaining(Spliterators.java:1024)
	at java.base/java.util.stream.AbstractPipeline.copyInto(AbstractPipeline.java:509)
	at java.base/java.util.stream.AbstractPipeline.wrapAndCopyInto(AbstractPipeline.java:499)
	at java.base/java.util.stream.AbstractPipeline.evaluate(AbstractPipeline.java:575)
	at java.base/java.util.stream.AbstractPipeline.evaluateToArrayNode(AbstractPipeline.java:260)
	at java.base/java.util.stream.ReferencePipeline.toArray(ReferencePipeline.java:616)
	at com.microsoft.playwright.impl.Utils.addFilePathUploadParams(Utils.java:207)
	at com.microsoft.playwright.impl.FrameImpl.setInputFilesImpl(FrameImpl.java:768)
	at com.microsoft.playwright.impl.FrameImpl.lambda$setInputFiles$35(FrameImpl.java:760)
	at com.microsoft.playwright.impl.LoggingSupport.lambda$withLogging$0(LoggingSupport.java:36)
	at com.microsoft.playwright.impl.LoggingSupport.withLogging(LoggingSupport.java:47)
	at com.microsoft.playwright.impl.ChannelOwner.withLogging(ChannelOwner.java:89)
	at com.microsoft.playwright.impl.LoggingSupport.withLogging(LoggingSupport.java:35)
	at com.microsoft.playwright.impl.FrameImpl.setInputFiles(FrameImpl.java:760)
	at com.microsoft.playwright.impl.FrameImpl.setInputFiles(FrameImpl.java:746)
	at com.microsoft.playwright.impl.LocatorImpl.setInputFiles(LocatorImpl.java:551)
	at com.microsoft.playwright.Locator.setInputFiles(Locator.java:4914)
	at pages.PracticeForm.uploadPicture(PracticeForm.java:74)
	at test.PracticeFormTest.invalidMobileNumberTest(PracticeFormTest.java:103)
	at java.base/java.lang.reflect.Method.invoke(Method.java:580)
	at java.base/java.util.ArrayList.forEach(ArrayList.java:1596)
	at java.base/java.util.ArrayList.forEach(ArrayList.java:1596)
Caused by: java.nio.file.NoSuchFileException: src/test/resources/testdata/e7f606a4-b60c-4b22-86f8-0e4dc0553c52.jpeg
	at java.base/sun.nio.fs.UnixException.translateToIOException(UnixException.java:92)
	at java.base/sun.nio.fs.UnixException.rethrowAsIOException(UnixException.java:106)
	at java.base/sun.nio.fs.UnixException.rethrowAsIOException(UnixException.java:111)
	at java.base/sun.nio.fs.UnixPath.toRealPath(UnixPath.java:834)
	at com.microsoft.playwright.impl.Utils.lambda$addFilePathUploadParams$0(Utils.java:203)
	... 23 more
]]></error>
  </testcase>
</testsuite>